[ 2018-04-22T13:43:08+08:00 ] 125.84.181.116 /cgi-bin/user/Config.cgi?.cab&action=get&category=Account.*
INFO: [ app_init ] --START--
INFO: Run Behavior\BuildLiteBehavior [ RunTime:0.000011s ]
INFO: [ app_init ] --END-- [ RunTime:0.000211s ]
ERR: 无法加载模块:Cgi-bin

[ 2018-04-22T17:22:17+08:00 ] 39.108.80.121 /manager/html
INFO: [ app_init ] --START--
INFO: Run Behavior\BuildLiteBehavior [ RunTime:0.000010s ]
INFO: [ app_init ] --END-- [ RunTime:0.000204s ]
ERR: 无法加载模块:Manager

[ 2018-04-22T19:24:14+08:00 ] 110.164.126.175 /user/register?element_parents=account/mail/%23value&ajax_form=1&_wrapper_format=drupal_ajax
INFO: [ app_init ] --START--
INFO: Run Behavior\BuildLiteBehavior [ RunTime:0.000011s ]
INFO: [ app_init ] --END-- [ RunTime:0.000215s ]
ERR: 无法加载模块:User

[ 2018-04-22T20:05:11+08:00 ] 113.87.45.201 /favicon.ico
INFO: [ app_init ] --START--
INFO: Run Behavior\BuildLiteBehavior [ RunTime:0.000010s ]
INFO: [ app_init ] --END-- [ RunTime:0.000212s ]
ERR: 无法加载模块:Favicon

