[ 2018-04-21T02:10:15+08:00 ] 127.0.0.1 /favicon.ico
INFO: [ app_init ] --START--
INFO: Run Behavior\BuildLiteBehavior [ RunTime:0.000000s ]
INFO: [ app_init ] --END-- [ RunTime:0.000977s ]
ERR: 无法加载模块:Favicon

[ 2018-04-21T02:10:15+08:00 ] 127.0.0.1 /favicon.ico
INFO: [ app_init ] --START--
INFO: Run Behavior\BuildLiteBehavior [ RunTime:0.000000s ]
INFO: [ app_init ] --END-- [ RunTime:0.000000s ]
ERR: 无法加载模块:Favicon

[ 2018-04-21T02:10:36+08:00 ] 127.0.0.1 /favicon.ico
INFO: [ app_init ] --START--
INFO: Run Behavior\BuildLiteBehavior [ RunTime:0.000000s ]
INFO: [ app_init ] --END-- [ RunTime:0.000977s ]
ERR: 无法加载模块:Favicon

[ 2018-04-21T02:11:09+08:00 ] 127.0.0.1 /appindexajax.php?action=printrefresh&time=493
INFO: [ app_init ] --START--
INFO: Run Behavior\BuildLiteBehavior [ RunTime:0.000000s ]
INFO: [ app_init ] --END-- [ RunTime:0.000000s ]
ERR: 无法加载模块:Appindexajax

[ 2018-04-21T02:11:22+08:00 ] 127.0.0.1 /appindexajax.php?action=printrefresh&time=641
INFO: [ app_init ] --START--
INFO: Run Behavior\BuildLiteBehavior [ RunTime:0.000000s ]
INFO: [ app_init ] --END-- [ RunTime:0.000977s ]
ERR: 无法加载模块:Appindexajax

[ 2018-04-21T02:11:23+08:00 ] 127.0.0.1 /appindexajax.php?action=printrefresh&time=926
INFO: [ app_init ] --START--
INFO: Run Behavior\BuildLiteBehavior [ RunTime:0.000000s ]
INFO: [ app_init ] --END-- [ RunTime:0.000976s ]
ERR: 无法加载模块:Appindexajax

[ 2018-04-21T02:24:07+08:00 ] 127.0.0.1 /appindexajax.php?action=printrefresh&time=531
INFO: [ app_init ] --START--
INFO: Run Behavior\BuildLiteBehavior [ RunTime:0.000000s ]
INFO: [ app_init ] --END-- [ RunTime:0.001953s ]
ERR: 无法加载模块:Appindexajax

[ 2018-04-21T02:24:11+08:00 ] 127.0.0.1 /appindexajax.php?action=printrefresh&time=974
INFO: [ app_init ] --START--
INFO: Run Behavior\BuildLiteBehavior [ RunTime:0.000000s ]
INFO: [ app_init ] --END-- [ RunTime:0.000000s ]
ERR: 无法加载模块:Appindexajax

[ 2018-04-21T02:24:15+08:00 ] 127.0.0.1 /appindexajax.php?action=printrefresh&time=97
INFO: [ app_init ] --START--
INFO: Run Behavior\BuildLiteBehavior [ RunTime:0.000000s ]
INFO: [ app_init ] --END-- [ RunTime:0.000000s ]
ERR: 无法加载模块:Appindexajax

[ 2018-04-21T02:24:31+08:00 ] 127.0.0.1 /favicon.ico
INFO: [ app_init ] --START--
INFO: Run Behavior\BuildLiteBehavior [ RunTime:0.000000s ]
INFO: [ app_init ] --END-- [ RunTime:0.000976s ]
ERR: 无法加载模块:Favicon

[ 2018-04-21T02:24:35+08:00 ] 127.0.0.1 /login
INFO: [ app_init ] --START--
INFO: Run Behavior\BuildLiteBehavior [ RunTime:0.000000s ]
INFO: [ app_init ] --END-- [ RunTime:0.000000s ]
ERR: 无法加载模块:Login

[ 2018-04-21T02:25:04+08:00 ] 127.0.0.1 /appindexajax.php?action=printrefresh&time=618
INFO: [ app_init ] --START--
INFO: Run Behavior\BuildLiteBehavior [ RunTime:0.000000s ]
INFO: [ app_init ] --END-- [ RunTime:0.000000s ]
ERR: 无法加载模块:Appindexajax

[ 2018-04-21T02:31:53+08:00 ] 127.0.0.1 /appindexajax.php?action=printrefresh&time=111
INFO: [ app_init ] --START--
INFO: Run Behavior\BuildLiteBehavior [ RunTime:0.000000s ]
INFO: [ app_init ] --END-- [ RunTime:0.000976s ]
ERR: 无法加载模块:Appindexajax

[ 2018-04-21T02:33:37+08:00 ] 127.0.0.1 /appindexajax.php?action=printrefresh&time=914
INFO: [ app_init ] --START--
INFO: Run Behavior\BuildLiteBehavior [ RunTime:0.000000s ]
INFO: [ app_init ] --END-- [ RunTime:0.000977s ]
ERR: 无法加载模块:Appindexajax

[ 2018-04-21T02:35:03+08:00 ] 127.0.0.1 /appindexajax.php?action=printrefresh&time=883
INFO: [ app_init ] --START--
INFO: Run Behavior\BuildLiteBehavior [ RunTime:0.000000s ]
INFO: [ app_init ] --END-- [ RunTime:0.000000s ]
ERR: 无法加载模块:Appindexajax

[ 2018-04-21T02:37:47+08:00 ] 127.0.0.1 /appindexajax.php?action=numberaward
INFO: [ app_init ] --START--
INFO: Run Behavior\BuildLiteBehavior [ RunTime:0.000000s ]
INFO: [ app_init ] --END-- [ RunTime:0.000000s ]
ERR: 无法加载模块:Appindexajax

[ 2018-04-21T02:37:49+08:00 ] 127.0.0.1 /appindexajax.php?action=member
INFO: [ app_init ] --START--
INFO: Run Behavior\BuildLiteBehavior [ RunTime:0.000000s ]
INFO: [ app_init ] --END-- [ RunTime:0.000000s ]
ERR: 无法加载模块:Appindexajax

[ 2018-04-21T02:38:39+08:00 ] 127.0.0.1 /appindexajax.php?action=printrefresh&time=286
INFO: [ app_init ] --START--
INFO: Run Behavior\BuildLiteBehavior [ RunTime:0.000000s ]
INFO: [ app_init ] --END-- [ RunTime:0.000000s ]
ERR: 无法加载模块:Appindexajax

[ 2018-04-21T02:38:42+08:00 ] 127.0.0.1 /appindexajax.php?action=member
INFO: [ app_init ] --START--
INFO: Run Behavior\BuildLiteBehavior [ RunTime:0.000000s ]
INFO: [ app_init ] --END-- [ RunTime:0.000000s ]
ERR: 无法加载模块:Appindexajax

[ 2018-04-21T02:47:06+08:00 ] 127.0.0.1 /appindexajax.php?action=printrefresh&time=201
INFO: [ app_init ] --START--
INFO: Run Behavior\BuildLiteBehavior [ RunTime:0.000000s ]
INFO: [ app_init ] --END-- [ RunTime:0.000977s ]
ERR: 无法加载模块:Appindexajax

[ 2018-04-21T02:47:08+08:00 ] 127.0.0.1 /appindexajax.php?action=numberaward
INFO: [ app_init ] --START--
INFO: Run Behavior\BuildLiteBehavior [ RunTime:0.000000s ]
INFO: [ app_init ] --END-- [ RunTime:0.000000s ]
ERR: 无法加载模块:Appindexajax

[ 2018-04-21T02:47:11+08:00 ] 127.0.0.1 /appindexajax.php?action=member
INFO: [ app_init ] --START--
INFO: Run Behavior\BuildLiteBehavior [ RunTime:0.000000s ]
INFO: [ app_init ] --END-- [ RunTime:0.000977s ]
ERR: 无法加载模块:Appindexajax

[ 2018-04-21T02:47:40+08:00 ] 127.0.0.1 /appindexajax.php?action=printrefresh&time=511
INFO: [ app_init ] --START--
INFO: Run Behavior\BuildLiteBehavior [ RunTime:0.000000s ]
INFO: [ app_init ] --END-- [ RunTime:0.000977s ]
ERR: 无法加载模块:Appindexajax

[ 2018-04-21T02:47:49+08:00 ] 127.0.0.1 /appindexajax.php?action=bill
INFO: [ app_init ] --START--
INFO: Run Behavior\BuildLiteBehavior [ RunTime:0.000000s ]
INFO: [ app_init ] --END-- [ RunTime:0.000000s ]
ERR: 无法加载模块:Appindexajax

[ 2018-04-21T02:48:06+08:00 ] 127.0.0.1 /appindexajax.php?action=logs
INFO: [ app_init ] --START--
INFO: Run Behavior\BuildLiteBehavior [ RunTime:0.000000s ]
INFO: [ app_init ] --END-- [ RunTime:0.000000s ]
ERR: 无法加载模块:Appindexajax

[ 2018-04-21T02:48:12+08:00 ] 127.0.0.1 /appindexajax.php?action=pass&doaction=init
INFO: [ app_init ] --START--
INFO: Run Behavior\BuildLiteBehavior [ RunTime:0.000000s ]
INFO: [ app_init ] --END-- [ RunTime:0.000000s ]
ERR: 无法加载模块:Appindexajax

[ 2018-04-21T02:49:12+08:00 ] 127.0.0.1 /appindexajax.php?action=printrefresh&time=639
INFO: [ app_init ] --START--
INFO: Run Behavior\BuildLiteBehavior [ RunTime:0.000000s ]
INFO: [ app_init ] --END-- [ RunTime:0.000000s ]
ERR: 无法加载模块:Appindexajax

[ 2018-04-21T02:49:13+08:00 ] 127.0.0.1 /appindexajax.php?action=pass&doaction=init
INFO: [ app_init ] --START--
INFO: Run Behavior\BuildLiteBehavior [ RunTime:0.000000s ]
INFO: [ app_init ] --END-- [ RunTime:0.000976s ]
ERR: 无法加载模块:Appindexajax

[ 2018-04-21T02:51:11+08:00 ] 127.0.0.1 /appindexajax.php?action=printrefresh&time=713
INFO: [ app_init ] --START--
INFO: Run Behavior\BuildLiteBehavior [ RunTime:0.000000s ]
INFO: [ app_init ] --END-- [ RunTime:0.000000s ]
ERR: 无法加载模块:Appindexajax

[ 2018-04-21T02:51:12+08:00 ] 127.0.0.1 /appindexajax.php?action=pass&doaction=init
INFO: [ app_init ] --START--
INFO: Run Behavior\BuildLiteBehavior [ RunTime:0.000000s ]
INFO: [ app_init ] --END-- [ RunTime:0.000976s ]
ERR: 无法加载模块:Appindexajax

[ 2018-04-21T02:55:39+08:00 ] 127.0.0.1 /appindexajax.php?action=printrefresh&time=77
INFO: [ app_init ] --START--
INFO: Run Behavior\BuildLiteBehavior [ RunTime:0.000000s ]
INFO: [ app_init ] --END-- [ RunTime:0.000977s ]
ERR: 无法加载模块:Appindexajax

[ 2018-04-21T02:55:49+08:00 ] 127.0.0.1 /appindexajax.php?action=printrefresh&time=67
INFO: [ app_init ] --START--
INFO: Run Behavior\BuildLiteBehavior [ RunTime:0.000000s ]
INFO: [ app_init ] --END-- [ RunTime:0.000000s ]
ERR: 无法加载模块:Appindexajax

[ 2018-04-21T03:06:42+08:00 ] 127.0.0.1 /appindexajax.php?action=printrefresh&time=220
INFO: [ app_init ] --START--
INFO: Run Behavior\BuildLiteBehavior [ RunTime:0.000000s ]
INFO: [ app_init ] --END-- [ RunTime:0.000977s ]
ERR: 无法加载模块:Appindexajax

[ 2018-04-21T03:07:24+08:00 ] 127.0.0.1 /appindexajax.php?action=printrefresh&time=926
INFO: [ app_init ] --START--
INFO: Run Behavior\BuildLiteBehavior [ RunTime:0.000000s ]
INFO: [ app_init ] --END-- [ RunTime:0.000000s ]
ERR: 无法加载模块:Appindexajax

[ 2018-04-21T03:10:35+08:00 ] 127.0.0.1 /appindexajax.php?action=printrefresh&time=424
INFO: [ app_init ] --START--
INFO: Run Behavior\BuildLiteBehavior [ RunTime:0.000000s ]
INFO: [ app_init ] --END-- [ RunTime:0.000000s ]
ERR: 无法加载模块:Appindexajax

[ 2018-04-21T03:10:49+08:00 ] 127.0.0.1 /appindexajax.php?action=printrefresh&time=596
INFO: [ app_init ] --START--
INFO: Run Behavior\BuildLiteBehavior [ RunTime:0.000000s ]
INFO: [ app_init ] --END-- [ RunTime:0.000000s ]
ERR: 无法加载模块:Appindexajax

[ 2018-04-21T03:11:30+08:00 ] 127.0.0.1 /appindexajax.php?action=printrefresh&time=347
INFO: [ app_init ] --START--
INFO: Run Behavior\BuildLiteBehavior [ RunTime:0.000000s ]
INFO: [ app_init ] --END-- [ RunTime:0.000977s ]
ERR: 无法加载模块:Appindexajax

[ 2018-04-21T03:12:11+08:00 ] 127.0.0.1 /appindexajax.php?action=printrefresh&time=871
INFO: [ app_init ] --START--
INFO: Run Behavior\BuildLiteBehavior [ RunTime:0.000000s ]
INFO: [ app_init ] --END-- [ RunTime:0.000000s ]
ERR: 无法加载模块:Appindexajax

[ 2018-04-21T03:13:10+08:00 ] 127.0.0.1 /appindexajax.php?action=printrefresh&time=798
INFO: [ app_init ] --START--
INFO: Run Behavior\BuildLiteBehavior [ RunTime:0.000000s ]
INFO: [ app_init ] --END-- [ RunTime:0.000976s ]
ERR: 无法加载模块:Appindexajax

[ 2018-04-21T03:13:36+08:00 ] 127.0.0.1 /appindexajax.php?action=printrefresh&time=976
INFO: [ app_init ] --START--
INFO: Run Behavior\BuildLiteBehavior [ RunTime:0.000000s ]
INFO: [ app_init ] --END-- [ RunTime:0.000977s ]
ERR: 无法加载模块:Appindexajax

[ 2018-04-21T03:13:58+08:00 ] 127.0.0.1 /appindexajax.php?action=soonselect&logid=0
INFO: [ app_init ] --START--
INFO: Run Behavior\BuildLiteBehavior [ RunTime:0.000000s ]
INFO: [ app_init ] --END-- [ RunTime:0.000000s ]
ERR: 无法加载模块:Appindexajax

[ 2018-04-21T03:14:17+08:00 ] 127.0.0.1 /appindexajax.php?action=erziding&childid=0
INFO: [ app_init ] --START--
INFO: Run Behavior\BuildLiteBehavior [ RunTime:0.000000s ]
INFO: [ app_init ] --END-- [ RunTime:0.000000s ]
ERR: 无法加载模块:Appindexajax

[ 2018-04-21T03:14:22+08:00 ] 127.0.0.1 /appindexajax.php?action=soonselect&logid=0
INFO: [ app_init ] --START--
INFO: Run Behavior\BuildLiteBehavior [ RunTime:0.000000s ]
INFO: [ app_init ] --END-- [ RunTime:0.000000s ]
ERR: 无法加载模块:Appindexajax

[ 2018-04-21T03:14:57+08:00 ] 127.0.0.1 /appindexajax.php?action=printrefresh&time=915
INFO: [ app_init ] --START--
INFO: Run Behavior\BuildLiteBehavior [ RunTime:0.000000s ]
INFO: [ app_init ] --END-- [ RunTime:0.000000s ]
ERR: 无法加载模块:Appindexajax

[ 2018-04-21T03:15:00+08:00 ] 127.0.0.1 /appindexajax.php?action=soonselect&logid=0
INFO: [ app_init ] --START--
INFO: Run Behavior\BuildLiteBehavior [ RunTime:0.000000s ]
INFO: [ app_init ] --END-- [ RunTime:0.000000s ]
ERR: 无法加载模块:Appindexajax

[ 2018-04-21T03:15:01+08:00 ] 127.0.0.1 /appindexajax.php?action=soonselect&logid=0
INFO: [ app_init ] --START--
INFO: Run Behavior\BuildLiteBehavior [ RunTime:0.000000s ]
INFO: [ app_init ] --END-- [ RunTime:0.000000s ]
ERR: 无法加载模块:Appindexajax

[ 2018-04-21T03:15:03+08:00 ] 127.0.0.1 /appindexajax.php?action=soonselect&logid=0
INFO: [ app_init ] --START--
INFO: Run Behavior\BuildLiteBehavior [ RunTime:0.000000s ]
INFO: [ app_init ] --END-- [ RunTime:0.000000s ]
ERR: 无法加载模块:Appindexajax

[ 2018-04-21T03:15:11+08:00 ] 127.0.0.1 /appindexajax.php?action=printrefresh&time=256
INFO: [ app_init ] --START--
INFO: Run Behavior\BuildLiteBehavior [ RunTime:0.000000s ]
INFO: [ app_init ] --END-- [ RunTime:0.000977s ]
ERR: 无法加载模块:Appindexajax

[ 2018-04-21T03:18:06+08:00 ] 127.0.0.1 /appindexajax.php?action=printrefresh&time=399
INFO: [ app_init ] --START--
INFO: Run Behavior\BuildLiteBehavior [ RunTime:0.000000s ]
INFO: [ app_init ] --END-- [ RunTime:0.000976s ]
ERR: 无法加载模块:Appindexajax

[ 2018-04-21T03:18:07+08:00 ] 127.0.0.1 /appindexajax.php?action=soonselect&logid=0
INFO: [ app_init ] --START--
INFO: Run Behavior\BuildLiteBehavior [ RunTime:0.000000s ]
INFO: [ app_init ] --END-- [ RunTime:0.000000s ]
ERR: 无法加载模块:Appindexajax

[ 2018-04-21T03:18:27+08:00 ] 127.0.0.1 /appindexajax.php?action=printrefresh&time=471
INFO: [ app_init ] --START--
INFO: Run Behavior\BuildLiteBehavior [ RunTime:0.000000s ]
INFO: [ app_init ] --END-- [ RunTime:0.000000s ]
ERR: 无法加载模块:Appindexajax

[ 2018-04-21T03:18:29+08:00 ] 127.0.0.1 /appindexajax.php?action=soonselect&logid=0
INFO: [ app_init ] --START--
INFO: Run Behavior\BuildLiteBehavior [ RunTime:0.000000s ]
INFO: [ app_init ] --END-- [ RunTime:0.000000s ]
ERR: 无法加载模块:Appindexajax

[ 2018-04-21T03:19:02+08:00 ] 127.0.0.1 /appindexajax.php?action=soonselect&logid=0
INFO: [ app_init ] --START--
INFO: Run Behavior\BuildLiteBehavior [ RunTime:0.000000s ]
INFO: [ app_init ] --END-- [ RunTime:0.000976s ]
ERR: 无法加载模块:Appindexajax

[ 2018-04-21T03:19:03+08:00 ] 127.0.0.1 /appindexajax.php?action=frankhot
INFO: [ app_init ] --START--
INFO: Run Behavior\BuildLiteBehavior [ RunTime:0.000000s ]
INFO: [ app_init ] --END-- [ RunTime:0.000000s ]
ERR: 无法加载模块:Appindexajax

[ 2018-04-21T03:19:03+08:00 ] 127.0.0.1 /appindexajax.php?action=import&doaction=init
INFO: [ app_init ] --START--
INFO: Run Behavior\BuildLiteBehavior [ RunTime:0.000000s ]
INFO: [ app_init ] --END-- [ RunTime:0.000000s ]
ERR: 无法加载模块:Appindexajax

[ 2018-04-21T03:19:08+08:00 ] 127.0.0.1 /appindexajax.php?action=import&doaction=init
INFO: [ app_init ] --START--
INFO: Run Behavior\BuildLiteBehavior [ RunTime:0.000000s ]
INFO: [ app_init ] --END-- [ RunTime:0.000000s ]
ERR: 无法加载模块:Appindexajax

[ 2018-04-21T03:19:11+08:00 ] 127.0.0.1 /appindexajax.php?action=soonselect&logid=0
INFO: [ app_init ] --START--
INFO: Run Behavior\BuildLiteBehavior [ RunTime:0.000000s ]
INFO: [ app_init ] --END-- [ RunTime:0.000000s ]
ERR: 无法加载模块:Appindexajax

[ 2018-04-21T03:19:12+08:00 ] 127.0.0.1 /appindexajax.php?action=erziding&childid=0
INFO: [ app_init ] --START--
INFO: Run Behavior\BuildLiteBehavior [ RunTime:0.000000s ]
INFO: [ app_init ] --END-- [ RunTime:0.000000s ]
ERR: 无法加载模块:Appindexajax

[ 2018-04-21T03:19:16+08:00 ] 127.0.0.1 /appindexajax.php?action=soonselect&logid=0
INFO: [ app_init ] --START--
INFO: Run Behavior\BuildLiteBehavior [ RunTime:0.000000s ]
INFO: [ app_init ] --END-- [ RunTime:0.000976s ]
ERR: 无法加载模块:Appindexajax

[ 2018-04-21T03:19:17+08:00 ] 127.0.0.1 /appindexajax.php?action=soonselect&logid=0
INFO: [ app_init ] --START--
INFO: Run Behavior\BuildLiteBehavior [ RunTime:0.000000s ]
INFO: [ app_init ] --END-- [ RunTime:0.000000s ]
ERR: 无法加载模块:Appindexajax

[ 2018-04-21T03:19:19+08:00 ] 127.0.0.1 /appindexajax.php?action=soonselect&logid=0
INFO: [ app_init ] --START--
INFO: Run Behavior\BuildLiteBehavior [ RunTime:0.000000s ]
INFO: [ app_init ] --END-- [ RunTime:0.000000s ]
ERR: 无法加载模块:Appindexajax

[ 2018-04-21T03:19:21+08:00 ] 127.0.0.1 /appindexajax.php?action=soonselect&logid=0
INFO: [ app_init ] --START--
INFO: Run Behavior\BuildLiteBehavior [ RunTime:0.000000s ]
INFO: [ app_init ] --END-- [ RunTime:0.000977s ]
ERR: 无法加载模块:Appindexajax

[ 2018-04-21T03:19:22+08:00 ] 127.0.0.1 /appindexajax.php?action=soonselect&logid=0
INFO: [ app_init ] --START--
INFO: Run Behavior\BuildLiteBehavior [ RunTime:0.000000s ]
INFO: [ app_init ] --END-- [ RunTime:0.000000s ]
ERR: 无法加载模块:Appindexajax

[ 2018-04-21T03:19:23+08:00 ] 127.0.0.1 /appindexajax.php?action=soonselect&logid=0
INFO: [ app_init ] --START--
INFO: Run Behavior\BuildLiteBehavior [ RunTime:0.000000s ]
INFO: [ app_init ] --END-- [ RunTime:0.000976s ]
ERR: 无法加载模块:Appindexajax

[ 2018-04-21T03:19:24+08:00 ] 127.0.0.1 /appindexajax.php?action=soonselect&logid=0
INFO: [ app_init ] --START--
INFO: Run Behavior\BuildLiteBehavior [ RunTime:0.000000s ]
INFO: [ app_init ] --END-- [ RunTime:0.000977s ]
ERR: 无法加载模块:Appindexajax

[ 2018-04-21T03:19:25+08:00 ] 127.0.0.1 /appindexajax.php?action=soonselect&logid=0
INFO: [ app_init ] --START--
INFO: Run Behavior\BuildLiteBehavior [ RunTime:0.000000s ]
INFO: [ app_init ] --END-- [ RunTime:0.000000s ]
ERR: 无法加载模块:Appindexajax

[ 2018-04-21T03:19:28+08:00 ] 127.0.0.1 /appindexajax.php?action=printrefresh&time=434
INFO: [ app_init ] --START--
INFO: Run Behavior\BuildLiteBehavior [ RunTime:0.000000s ]
INFO: [ app_init ] --END-- [ RunTime:0.000977s ]
ERR: 无法加载模块:Appindexajax

[ 2018-04-21T03:19:29+08:00 ] 127.0.0.1 /appindexajax.php?action=soonselect&logid=0
INFO: [ app_init ] --START--
INFO: Run Behavior\BuildLiteBehavior [ RunTime:0.000000s ]
INFO: [ app_init ] --END-- [ RunTime:0.000977s ]
ERR: 无法加载模块:Appindexajax

[ 2018-04-21T03:20:10+08:00 ] 127.0.0.1 /appindexajax.php?action=frankhot
INFO: [ app_init ] --START--
INFO: Run Behavior\BuildLiteBehavior [ RunTime:0.000000s ]
INFO: [ app_init ] --END-- [ RunTime:0.000000s ]
ERR: 无法加载模块:Appindexajax

[ 2018-04-21T03:20:16+08:00 ] 127.0.0.1 /appindexajax.php?action=soonselect&logid=0
INFO: [ app_init ] --START--
INFO: Run Behavior\BuildLiteBehavior [ RunTime:0.000000s ]
INFO: [ app_init ] --END-- [ RunTime:0.000977s ]
ERR: 无法加载模块:Appindexajax

[ 2018-04-21T03:20:49+08:00 ] 127.0.0.1 /appindexajax.php?action=printrefresh&time=13
INFO: [ app_init ] --START--
INFO: Run Behavior\BuildLiteBehavior [ RunTime:0.000000s ]
INFO: [ app_init ] --END-- [ RunTime:0.000977s ]
ERR: 无法加载模块:Appindexajax

[ 2018-04-21T03:20:50+08:00 ] 127.0.0.1 /appindexajax.php?action=soonselect&logid=0
INFO: [ app_init ] --START--
INFO: Run Behavior\BuildLiteBehavior [ RunTime:0.000000s ]
INFO: [ app_init ] --END-- [ RunTime:0.000977s ]
ERR: 无法加载模块:Appindexajax

[ 2018-04-21T03:20:53+08:00 ] 127.0.0.1 /appindexajax.php?action=soonselect&logid=0
INFO: [ app_init ] --START--
INFO: Run Behavior\BuildLiteBehavior [ RunTime:0.000000s ]
INFO: [ app_init ] --END-- [ RunTime:0.000000s ]
ERR: 无法加载模块:Appindexajax

[ 2018-04-21T03:21:49+08:00 ] 127.0.0.1 /appindexajax.php?action=printrefresh&time=753
INFO: [ app_init ] --START--
INFO: Run Behavior\BuildLiteBehavior [ RunTime:0.000000s ]
INFO: [ app_init ] --END-- [ RunTime:0.000976s ]
ERR: 无法加载模块:Appindexajax

[ 2018-04-21T03:21:50+08:00 ] 127.0.0.1 /appindexajax.php?action=soonselect&logid=0
INFO: [ app_init ] --START--
INFO: Run Behavior\BuildLiteBehavior [ RunTime:0.000000s ]
INFO: [ app_init ] --END-- [ RunTime:0.000000s ]
ERR: 无法加载模块:Appindexajax

[ 2018-04-21T03:21:52+08:00 ] 127.0.0.1 /appindexajax.php?action=soonselect&logid=0
INFO: [ app_init ] --START--
INFO: Run Behavior\BuildLiteBehavior [ RunTime:0.000000s ]
INFO: [ app_init ] --END-- [ RunTime:0.000000s ]
ERR: 无法加载模块:Appindexajax

[ 2018-04-21T03:21:58+08:00 ] 127.0.0.1 /appindexajax.php?action=soonselect&logid=0
INFO: [ app_init ] --START--
INFO: Run Behavior\BuildLiteBehavior [ RunTime:0.000000s ]
INFO: [ app_init ] --END-- [ RunTime:0.000976s ]
ERR: 无法加载模块:Appindexajax

[ 2018-04-21T03:22:52+08:00 ] 127.0.0.1 /appindexajax.php?action=printrefresh&time=665
INFO: [ app_init ] --START--
INFO: Run Behavior\BuildLiteBehavior [ RunTime:0.000000s ]
INFO: [ app_init ] --END-- [ RunTime:0.000000s ]
ERR: 无法加载模块:Appindexajax

[ 2018-04-21T03:22:54+08:00 ] 127.0.0.1 /appindexajax.php?action=soonselect&logid=0
INFO: [ app_init ] --START--
INFO: Run Behavior\BuildLiteBehavior [ RunTime:0.000000s ]
INFO: [ app_init ] --END-- [ RunTime:0.000977s ]
ERR: 无法加载模块:Appindexajax

[ 2018-04-21T03:23:07+08:00 ] 127.0.0.1 /appindexajax.php?action=printrefresh&time=917
INFO: [ app_init ] --START--
INFO: Run Behavior\BuildLiteBehavior [ RunTime:0.000000s ]
INFO: [ app_init ] --END-- [ RunTime:0.000000s ]
ERR: 无法加载模块:Appindexajax

[ 2018-04-21T03:23:09+08:00 ] 127.0.0.1 /appindexajax.php?action=soonselect&logid=0
INFO: [ app_init ] --START--
INFO: Run Behavior\BuildLiteBehavior [ RunTime:0.000000s ]
INFO: [ app_init ] --END-- [ RunTime:0.000976s ]
ERR: 无法加载模块:Appindexajax

[ 2018-04-21T03:23:14+08:00 ] 127.0.0.1 /appindexajax.php?action=soonselect&logid=0
INFO: [ app_init ] --START--
INFO: Run Behavior\BuildLiteBehavior [ RunTime:0.000000s ]
INFO: [ app_init ] --END-- [ RunTime:0.000000s ]
ERR: 无法加载模块:Appindexajax

[ 2018-04-21T03:23:27+08:00 ] 127.0.0.1 /appindexajax.php?action=printrefresh&time=154
INFO: [ app_init ] --START--
INFO: Run Behavior\BuildLiteBehavior [ RunTime:0.000000s ]
INFO: [ app_init ] --END-- [ RunTime:0.000976s ]
ERR: 无法加载模块:Appindexajax

[ 2018-04-21T03:23:27+08:00 ] 127.0.0.1 /favicon.ico
INFO: [ app_init ] --START--
INFO: Run Behavior\BuildLiteBehavior [ RunTime:0.000000s ]
INFO: [ app_init ] --END-- [ RunTime:0.000000s ]
ERR: 无法加载模块:Favicon

[ 2018-04-21T03:23:28+08:00 ] 127.0.0.1 /appindexajax.php?action=erziding&childid=0
INFO: [ app_init ] --START--
INFO: Run Behavior\BuildLiteBehavior [ RunTime:0.000000s ]
INFO: [ app_init ] --END-- [ RunTime:0.000000s ]
ERR: 无法加载模块:Appindexajax

[ 2018-04-21T03:23:30+08:00 ] 127.0.0.1 /appindexajax.php?action=soonselect&logid=0
INFO: [ app_init ] --START--
INFO: Run Behavior\BuildLiteBehavior [ RunTime:0.000000s ]
INFO: [ app_init ] --END-- [ RunTime:0.000977s ]
ERR: 无法加载模块:Appindexajax

[ 2018-04-21T03:23:31+08:00 ] 127.0.0.1 /appindexajax.php?action=frankhot
INFO: [ app_init ] --START--
INFO: Run Behavior\BuildLiteBehavior [ RunTime:0.000000s ]
INFO: [ app_init ] --END-- [ RunTime:0.000000s ]
ERR: 无法加载模块:Appindexajax

[ 2018-04-21T03:26:11+08:00 ] 127.0.0.1 /appindexajax.php?action=printrefresh&time=749
INFO: [ app_init ] --START--
INFO: Run Behavior\BuildLiteBehavior [ RunTime:0.000000s ]
INFO: [ app_init ] --END-- [ RunTime:0.000977s ]
ERR: 无法加载模块:Appindexajax

[ 2018-04-21T03:26:13+08:00 ] 127.0.0.1 /appindexajax.php?action=frankhot
INFO: [ app_init ] --START--
INFO: Run Behavior\BuildLiteBehavior [ RunTime:0.000000s ]
INFO: [ app_init ] --END-- [ RunTime:0.000977s ]
ERR: 无法加载模块:Appindexajax

[ 2018-04-21T03:26:45+08:00 ] 127.0.0.1 /appindexajax.php?action=frankhot&s_classid=1
INFO: [ app_init ] --START--
INFO: Run Behavior\BuildLiteBehavior [ RunTime:0.000000s ]
INFO: [ app_init ] --END-- [ RunTime:0.000000s ]
ERR: 无法加载模块:Appindexajax

[ 2018-04-21T03:26:46+08:00 ] 127.0.0.1 /appindexajax.php?action=frankhot&s_classid=4
INFO: [ app_init ] --START--
INFO: Run Behavior\BuildLiteBehavior [ RunTime:0.000000s ]
INFO: [ app_init ] --END-- [ RunTime:0.000000s ]
ERR: 无法加载模块:Appindexajax

[ 2018-04-21T03:26:54+08:00 ] 127.0.0.1 /appindexajax.php?action=bill
INFO: [ app_init ] --START--
INFO: Run Behavior\BuildLiteBehavior [ RunTime:0.000000s ]
INFO: [ app_init ] --END-- [ RunTime:0.000000s ]
ERR: 无法加载模块:Appindexajax

[ 2018-04-21T03:27:35+08:00 ] 127.0.0.1 /appindexajax.php?action=printrefresh&time=405
INFO: [ app_init ] --START--
INFO: Run Behavior\BuildLiteBehavior [ RunTime:0.000000s ]
INFO: [ app_init ] --END-- [ RunTime:0.000000s ]
ERR: 无法加载模块:Appindexajax

[ 2018-04-21T03:27:36+08:00 ] 127.0.0.1 /appindexajax.php?action=bill
INFO: [ app_init ] --START--
INFO: Run Behavior\BuildLiteBehavior [ RunTime:0.000000s ]
INFO: [ app_init ] --END-- [ RunTime:0.000977s ]
ERR: 无法加载模块:Appindexajax

[ 2018-04-21T03:27:38+08:00 ] 127.0.0.1 /appindexajax.php?action=member
INFO: [ app_init ] --START--
INFO: Run Behavior\BuildLiteBehavior [ RunTime:0.000000s ]
INFO: [ app_init ] --END-- [ RunTime:0.000977s ]
ERR: 无法加载模块:Appindexajax

[ 2018-04-21T03:27:41+08:00 ] 127.0.0.1 /appindexajax.php?action=numberaward
INFO: [ app_init ] --START--
INFO: Run Behavior\BuildLiteBehavior [ RunTime:0.000000s ]
INFO: [ app_init ] --END-- [ RunTime:0.000000s ]
ERR: 无法加载模块:Appindexajax

[ 2018-04-21T03:28:07+08:00 ] 127.0.0.1 /appindexajax.php?action=printrefresh&time=462
INFO: [ app_init ] --START--
INFO: Run Behavior\BuildLiteBehavior [ RunTime:0.000000s ]
INFO: [ app_init ] --END-- [ RunTime:0.000000s ]
ERR: 无法加载模块:Appindexajax

[ 2018-04-21T03:28:08+08:00 ] 127.0.0.1 /appindexajax.php?action=numberaward
INFO: [ app_init ] --START--
INFO: Run Behavior\BuildLiteBehavior [ RunTime:0.000000s ]
INFO: [ app_init ] --END-- [ RunTime:0.000000s ]
ERR: 无法加载模块:Appindexajax

[ 2018-04-21T03:28:09+08:00 ] 127.0.0.1 /Public/img/period_5.gif
INFO: [ app_init ] --START--
INFO: Run Behavior\BuildLiteBehavior [ RunTime:0.000000s ]
INFO: [ app_init ] --END-- [ RunTime:0.000000s ]
ERR: 无法加载模块:Public

[ 2018-04-21T03:28:09+08:00 ] 127.0.0.1 /Public/img/period_1.gif
INFO: [ app_init ] --START--
INFO: Run Behavior\BuildLiteBehavior [ RunTime:0.000000s ]
INFO: [ app_init ] --END-- [ RunTime:0.000000s ]
ERR: 无法加载模块:Public

[ 2018-04-21T03:28:28+08:00 ] 127.0.0.1 /appindexajax.php?action=printrefresh&time=152
INFO: [ app_init ] --START--
INFO: Run Behavior\BuildLiteBehavior [ RunTime:0.000000s ]
INFO: [ app_init ] --END-- [ RunTime:0.000976s ]
ERR: 无法加载模块:Appindexajax

[ 2018-04-21T03:28:28+08:00 ] 127.0.0.1 /favicon.ico
INFO: [ app_init ] --START--
INFO: Run Behavior\BuildLiteBehavior [ RunTime:0.000000s ]
INFO: [ app_init ] --END-- [ RunTime:0.000000s ]
ERR: 无法加载模块:Favicon

[ 2018-04-21T03:28:30+08:00 ] 127.0.0.1 /appindexajax.php?action=numberaward
INFO: [ app_init ] --START--
INFO: Run Behavior\BuildLiteBehavior [ RunTime:0.000000s ]
INFO: [ app_init ] --END-- [ RunTime:0.000000s ]
ERR: 无法加载模块:Appindexajax

[ 2018-04-21T03:28:30+08:00 ] 127.0.0.1 /Public/img/period_5.gif
INFO: [ app_init ] --START--
INFO: Run Behavior\BuildLiteBehavior [ RunTime:0.000000s ]
INFO: [ app_init ] --END-- [ RunTime:0.000000s ]
ERR: 无法加载模块:Public

[ 2018-04-21T03:28:31+08:00 ] 127.0.0.1 /Public/img/period_1.gif
INFO: [ app_init ] --START--
INFO: Run Behavior\BuildLiteBehavior [ RunTime:0.000000s ]
INFO: [ app_init ] --END-- [ RunTime:0.000000s ]
ERR: 无法加载模块:Public

[ 2018-04-21T03:32:14+08:00 ] 127.0.0.1 /appindexajax.php?action=printrefresh&time=836
INFO: [ app_init ] --START--
INFO: Run Behavior\BuildLiteBehavior [ RunTime:0.000000s ]
INFO: [ app_init ] --END-- [ RunTime:0.000976s ]
ERR: 无法加载模块:Appindexajax

[ 2018-04-21T03:32:21+08:00 ] 127.0.0.1 /appindexajax.php?action=numberaward
INFO: [ app_init ] --START--
INFO: Run Behavior\BuildLiteBehavior [ RunTime:0.000000s ]
INFO: [ app_init ] --END-- [ RunTime:0.000977s ]
ERR: 无法加载模块:Appindexajax

[ 2018-04-21T03:32:59+08:00 ] 127.0.0.1 /appindexajax.php?action=detail
INFO: [ app_init ] --START--
INFO: Run Behavior\BuildLiteBehavior [ RunTime:0.000000s ]
INFO: [ app_init ] --END-- [ RunTime:0.000000s ]
ERR: 无法加载模块:Appindexajax

[ 2018-04-21T03:33:40+08:00 ] 127.0.0.1 /appindexajax.php?action=printrefresh&time=405
INFO: [ app_init ] --START--
INFO: Run Behavior\BuildLiteBehavior [ RunTime:0.000000s ]
INFO: [ app_init ] --END-- [ RunTime:0.000000s ]
ERR: 无法加载模块:Appindexajax

[ 2018-04-21T03:33:41+08:00 ] 127.0.0.1 /appindexajax.php?action=detail
INFO: [ app_init ] --START--
INFO: Run Behavior\BuildLiteBehavior [ RunTime:0.000000s ]
INFO: [ app_init ] --END-- [ RunTime:0.000000s ]
ERR: 无法加载模块:Appindexajax

[ 2018-04-21T03:33:44+08:00 ] 127.0.0.1 /appindexajax.php?action=bill
INFO: [ app_init ] --START--
INFO: Run Behavior\BuildLiteBehavior [ RunTime:0.000000s ]
INFO: [ app_init ] --END-- [ RunTime:0.000000s ]
ERR: 无法加载模块:Appindexajax

[ 2018-04-21T03:34:40+08:00 ] 127.0.0.1 /appindexajax.php?action=printrefresh&time=628
INFO: [ app_init ] --START--
INFO: Run Behavior\BuildLiteBehavior [ RunTime:0.000000s ]
INFO: [ app_init ] --END-- [ RunTime:0.000977s ]
ERR: 无法加载模块:Appindexajax

[ 2018-04-21T03:34:50+08:00 ] 127.0.0.1 /appindexajax.php?action=stopnumberrefresh&doaction=print&s_issueon=18101
INFO: [ app_init ] --START--
INFO: Run Behavior\BuildLiteBehavior [ RunTime:0.000000s ]
INFO: [ app_init ] --END-- [ RunTime:0.000000s ]
ERR: 无法加载模块:Appindexajax

[ 2018-04-21T03:34:51+08:00 ] 127.0.0.1 /appindexajax.php?action=stopnumberrefresh&doaction=print&s_issueon=18101
INFO: [ app_init ] --START--
INFO: Run Behavior\BuildLiteBehavior [ RunTime:0.000000s ]
INFO: [ app_init ] --END-- [ RunTime:0.000976s ]
ERR: 无法加载模块:Appindexajax

[ 2018-04-21T03:35:54+08:00 ] 127.0.0.1 /Public/images/important.gif
INFO: [ app_init ] --START--
INFO: Run Behavior\BuildLiteBehavior [ RunTime:0.000000s ]
INFO: [ app_init ] --END-- [ RunTime:0.000000s ]
ERR: 无法加载模块:Public

[ 2018-04-21T03:35:56+08:00 ] 127.0.0.1 /appindexajax.php?action=printrefresh&time=514
INFO: [ app_init ] --START--
INFO: Run Behavior\BuildLiteBehavior [ RunTime:0.000000s ]
INFO: [ app_init ] --END-- [ RunTime:0.000000s ]
ERR: 无法加载模块:Appindexajax

[ 2018-04-21T03:36:51+08:00 ] 127.0.0.1 /appindexajax.php?action=numberaward
INFO: [ app_init ] --START--
INFO: Run Behavior\BuildLiteBehavior [ RunTime:0.000000s ]
INFO: [ app_init ] --END-- [ RunTime:0.000000s ]
ERR: 无法加载模块:Appindexajax

[ 2018-04-21T07:10:27+08:00 ] 179.219.112.53 /hndUnblock.cgi
INFO: [ app_init ] --START--
INFO: Run Behavior\BuildLiteBehavior [ RunTime:0.000009s ]
INFO: [ app_init ] --END-- [ RunTime:0.000210s ]
ERR: 无法加载模块:HndUnblock

[ 2018-04-21T07:10:30+08:00 ] 179.219.112.53 /tmUnblock.cgi
INFO: [ app_init ] --START--
INFO: Run Behavior\BuildLiteBehavior [ RunTime:0.000019s ]
INFO: [ app_init ] --END-- [ RunTime:0.000208s ]
ERR: 无法加载模块:TmUnblock

[ 2018-04-21T07:10:34+08:00 ] 179.219.112.53 /moo
INFO: [ app_init ] --START--
INFO: Run Behavior\BuildLiteBehavior [ RunTime:0.000010s ]
INFO: [ app_init ] --END-- [ RunTime:0.000198s ]
ERR: 无法加载模块:Moo

[ 2018-04-21T13:32:17+08:00 ] 182.108.133.253 /muieblackcat
INFO: [ app_init ] --START--
INFO: Run Behavior\BuildLiteBehavior [ RunTime:0.000009s ]
INFO: [ app_init ] --END-- [ RunTime:0.000197s ]
ERR: 无法加载模块:Muieblackcat

[ 2018-04-21T13:33:43+08:00 ] 180.180.4.175 /core/modules/language/language.info.yml
INFO: [ app_init ] --START--
INFO: Run Behavior\BuildLiteBehavior [ RunTime:0.000009s ]
INFO: [ app_init ] --END-- [ RunTime:0.000199s ]
ERR: 无法加载模块:Core

[ 2018-04-21T15:19:33+08:00 ] 120.27.14.222 /wls-wsat/CoordinatorPortType
INFO: [ app_init ] --START--
INFO: Run Behavior\BuildLiteBehavior [ RunTime:0.000009s ]
INFO: [ app_init ] --END-- [ RunTime:0.000203s ]
ERR: 无法加载模块:Wls-wsat

[ 2018-04-21T16:59:59+08:00 ] 113.87.45.57 /favicon.ico
INFO: [ app_init ] --START--
INFO: Run Behavior\BuildLiteBehavior [ RunTime:0.000010s ]
INFO: [ app_init ] --END-- [ RunTime:0.000196s ]
ERR: 无法加载模块:Favicon

[ 2018-04-21T17:00:08+08:00 ] 113.87.45.57 /favicon.ico
INFO: [ app_init ] --START--
INFO: Run Behavior\BuildLiteBehavior [ RunTime:0.000010s ]
INFO: [ app_init ] --END-- [ RunTime:0.000197s ]
ERR: 无法加载模块:Favicon

[ 2018-04-21T21:16:00+08:00 ] 113.87.45.57 /favicon.ico
INFO: [ app_init ] --START--
INFO: Run Behavior\BuildLiteBehavior [ RunTime:0.000011s ]
INFO: [ app_init ] --END-- [ RunTime:0.000212s ]
ERR: 无法加载模块:Favicon

[ 2018-04-21T21:29:28+08:00 ] 113.87.45.57 /favicon.ico
INFO: [ app_init ] --START--
INFO: Run Behavior\BuildLiteBehavior [ RunTime:0.000016s ]
INFO: [ app_init ] --END-- [ RunTime:0.000203s ]
ERR: 无法加载模块:Favicon

[ 2018-04-21T21:29:47+08:00 ] 113.87.45.57 /favicon.ico
INFO: [ app_init ] --START--
INFO: Run Behavior\BuildLiteBehavior [ RunTime:0.000010s ]
INFO: [ app_init ] --END-- [ RunTime:0.000209s ]
ERR: 无法加载模块:Favicon

[ 2018-04-21T22:14:19+08:00 ] 120.79.158.221 /struts2-rest-showcase/orders.xhtml
INFO: [ app_init ] --START--
INFO: Run Behavior\BuildLiteBehavior [ RunTime:0.000009s ]
INFO: [ app_init ] --END-- [ RunTime:0.000205s ]
ERR: 无法加载模块:Struts2-rest-showcase

[ 2018-04-21T22:14:19+08:00 ] 120.79.158.221 /index.action
INFO: [ app_init ] --START--
INFO: Run Behavior\BuildLiteBehavior [ RunTime:0.000009s ]
INFO: [ app_init ] --END-- [ RunTime:0.000195s ]
ERR: 无法加载模块:Index

[ 2018-04-21T22:14:19+08:00 ] 120.79.158.221 /index.do
INFO: [ app_init ] --START--
INFO: Run Behavior\BuildLiteBehavior [ RunTime:0.000010s ]
INFO: [ app_init ] --END-- [ RunTime:0.000206s ]
ERR: 无法加载模块:Index

