[ 2018-04-20T01:19:08+08:00 ] 127.0.0.1 /appindexajax.php?action=printrefresh&time=369
INFO: [ app_init ] --START--
INFO: Run Behavior\BuildLiteBehavior [ RunTime:0.000000s ]
INFO: [ app_init ] --END-- [ RunTime:0.000000s ]
ERR: 无法加载模块:Appindexajax

[ 2018-04-20T01:19:18+08:00 ] 127.0.0.1 /favicon.ico
INFO: [ app_init ] --START--
INFO: Run Behavior\BuildLiteBehavior [ RunTime:0.000000s ]
INFO: [ app_init ] --END-- [ RunTime:0.000000s ]
ERR: 无法加载模块:Favicon

[ 2018-04-20T01:19:19+08:00 ] 127.0.0.1 /appindexajax.php?action=printrefresh&time=528
INFO: [ app_init ] --START--
INFO: Run Behavior\BuildLiteBehavior [ RunTime:0.000000s ]
INFO: [ app_init ] --END-- [ RunTime:0.000976s ]
ERR: 无法加载模块:Appindexajax

[ 2018-04-20T01:19:19+08:00 ] 127.0.0.1 /favicon.ico
INFO: [ app_init ] --START--
INFO: Run Behavior\BuildLiteBehavior [ RunTime:0.000000s ]
INFO: [ app_init ] --END-- [ RunTime:0.000977s ]
ERR: 无法加载模块:Favicon

[ 2018-04-20T01:21:50+08:00 ] 127.0.0.1 /appindexajax.php?action=printrefresh&time=694
INFO: [ app_init ] --START--
INFO: Run Behavior\BuildLiteBehavior [ RunTime:0.000000s ]
INFO: [ app_init ] --END-- [ RunTime:0.000000s ]
ERR: 无法加载模块:Appindexajax

[ 2018-04-20T01:22:01+08:00 ] 127.0.0.1 /appindexajax.php?action=printrefresh&time=302
INFO: [ app_init ] --START--
INFO: Run Behavior\BuildLiteBehavior [ RunTime:0.000000s ]
INFO: [ app_init ] --END-- [ RunTime:0.000976s ]
ERR: 无法加载模块:Appindexajax

[ 2018-04-20T01:22:10+08:00 ] 127.0.0.1 /appindexajax.php?action=printrefresh&time=564
INFO: [ app_init ] --START--
INFO: Run Behavior\BuildLiteBehavior [ RunTime:0.000000s ]
INFO: [ app_init ] --END-- [ RunTime:0.000000s ]
ERR: 无法加载模块:Appindexajax

[ 2018-04-20T01:22:16+08:00 ] 127.0.0.1 /appindexajax.php?action=printrefresh&time=454
INFO: [ app_init ] --START--
INFO: Run Behavior\BuildLiteBehavior [ RunTime:0.000000s ]
INFO: [ app_init ] --END-- [ RunTime:0.000976s ]
ERR: 无法加载模块:Appindexajax

[ 2018-04-20T01:22:24+08:00 ] 127.0.0.1 /appindexajax.php?action=printrefresh&time=442
INFO: [ app_init ] --START--
INFO: Run Behavior\BuildLiteBehavior [ RunTime:0.000000s ]
INFO: [ app_init ] --END-- [ RunTime:0.000977s ]
ERR: 无法加载模块:Appindexajax

[ 2018-04-20T01:22:34+08:00 ] 127.0.0.1 /appindexajax.php?action=printrefresh&time=147
INFO: [ app_init ] --START--
INFO: Run Behavior\BuildLiteBehavior [ RunTime:0.000000s ]
INFO: [ app_init ] --END-- [ RunTime:0.000000s ]
ERR: 无法加载模块:Appindexajax

[ 2018-04-20T01:22:56+08:00 ] 127.0.0.1 /appindexajax.php?action=printrefresh&time=320
INFO: [ app_init ] --START--
INFO: Run Behavior\BuildLiteBehavior [ RunTime:0.000000s ]
INFO: [ app_init ] --END-- [ RunTime:0.000000s ]
ERR: 无法加载模块:Appindexajax

[ 2018-04-20T01:23:00+08:00 ] 127.0.0.1 /appindexajax.php?action=printrefresh&time=236
INFO: [ app_init ] --START--
INFO: Run Behavior\BuildLiteBehavior [ RunTime:0.000000s ]
INFO: [ app_init ] --END-- [ RunTime:0.000977s ]
ERR: 无法加载模块:Appindexajax

[ 2018-04-20T01:23:08+08:00 ] 127.0.0.1 /appindexajax.php?action=printrefresh&time=534
INFO: [ app_init ] --START--
INFO: Run Behavior\BuildLiteBehavior [ RunTime:0.000000s ]
INFO: [ app_init ] --END-- [ RunTime:0.000000s ]
ERR: 无法加载模块:Appindexajax

[ 2018-04-20T02:41:26+08:00 ] 127.0.0.1 /appindexajax.php?action=printrefresh&time=236
INFO: [ app_init ] --START--
INFO: Run Behavior\BuildLiteBehavior [ RunTime:0.000000s ]
INFO: [ app_init ] --END-- [ RunTime:0.000000s ]
ERR: 无法加载模块:Appindexajax

[ 2018-04-20T02:41:28+08:00 ] 127.0.0.1 /appindexajax.php?action=printrefresh&time=303
INFO: [ app_init ] --START--
INFO: Run Behavior\BuildLiteBehavior [ RunTime:0.000000s ]
INFO: [ app_init ] --END-- [ RunTime:0.000976s ]
ERR: 无法加载模块:Appindexajax

[ 2018-04-20T02:41:29+08:00 ] 127.0.0.1 /appindexajax.php?action=printrefresh&time=430
INFO: [ app_init ] --START--
INFO: Run Behavior\BuildLiteBehavior [ RunTime:0.000000s ]
INFO: [ app_init ] --END-- [ RunTime:0.000977s ]
ERR: 无法加载模块:Appindexajax

[ 2018-04-20T02:41:30+08:00 ] 127.0.0.1 /appindexajax.php?action=printrefresh&time=497
INFO: [ app_init ] --START--
INFO: Run Behavior\BuildLiteBehavior [ RunTime:0.000000s ]
INFO: [ app_init ] --END-- [ RunTime:0.000976s ]
ERR: 无法加载模块:Appindexajax

[ 2018-04-20T02:45:03+08:00 ] 127.0.0.1 /appindexajax.php?action=soonselect&logid=0
INFO: [ app_init ] --START--
INFO: Run Behavior\BuildLiteBehavior [ RunTime:0.000000s ]
INFO: [ app_init ] --END-- [ RunTime:0.000000s ]
ERR: 无法加载模块:Appindexajax

[ 2018-04-20T02:45:04+08:00 ] 127.0.0.1 /appindexajax.php?action=frankhot
INFO: [ app_init ] --START--
INFO: Run Behavior\BuildLiteBehavior [ RunTime:0.000000s ]
INFO: [ app_init ] --END-- [ RunTime:0.000000s ]
ERR: 无法加载模块:Appindexajax

[ 2018-04-20T02:45:22+08:00 ] 127.0.0.1 /appindexajax.php?action=soonselect&logid=0
INFO: [ app_init ] --START--
INFO: Run Behavior\BuildLiteBehavior [ RunTime:0.000000s ]
INFO: [ app_init ] --END-- [ RunTime:0.000000s ]
ERR: 无法加载模块:Appindexajax

[ 2018-04-20T02:45:27+08:00 ] 127.0.0.1 /appindexajax.php?action=erziding&childid=0
INFO: [ app_init ] --START--
INFO: Run Behavior\BuildLiteBehavior [ RunTime:0.000000s ]
INFO: [ app_init ] --END-- [ RunTime:0.000000s ]
ERR: 无法加载模块:Appindexajax

[ 2018-04-20T02:46:09+08:00 ] 127.0.0.1 /appindexajax.php?action=member
INFO: [ app_init ] --START--
INFO: Run Behavior\BuildLiteBehavior [ RunTime:0.000000s ]
INFO: [ app_init ] --END-- [ RunTime:0.000000s ]
ERR: 无法加载模块:Appindexajax

[ 2018-04-20T02:55:02+08:00 ] 127.0.0.1 /appindexajax.php?action=printrefresh&time=772
INFO: [ app_init ] --START--
INFO: Run Behavior\BuildLiteBehavior [ RunTime:0.000000s ]
INFO: [ app_init ] --END-- [ RunTime:0.000000s ]
ERR: 无法加载模块:Appindexajax

[ 2018-04-20T02:55:22+08:00 ] 127.0.0.1 /appindexajax.php?action=printrefresh&time=616
INFO: [ app_init ] --START--
INFO: Run Behavior\BuildLiteBehavior [ RunTime:0.000000s ]
INFO: [ app_init ] --END-- [ RunTime:0.000000s ]
ERR: 无法加载模块:Appindexajax

[ 2018-04-20T02:59:32+08:00 ] 127.0.0.1 /appindexajax.php?action=printrefresh&time=622
INFO: [ app_init ] --START--
INFO: Run Behavior\BuildLiteBehavior [ RunTime:0.000000s ]
INFO: [ app_init ] --END-- [ RunTime:0.000000s ]
ERR: 无法加载模块:Appindexajax

[ 2018-04-20T02:59:35+08:00 ] 127.0.0.1 /appindexajax.php?action=printrefresh&time=425
INFO: [ app_init ] --START--
INFO: Run Behavior\BuildLiteBehavior [ RunTime:0.000000s ]
INFO: [ app_init ] --END-- [ RunTime:0.000000s ]
ERR: 无法加载模块:Appindexajax

[ 2018-04-20T02:59:54+08:00 ] 127.0.0.1 /appindexajax.php?action=printrefresh&time=393
INFO: [ app_init ] --START--
INFO: Run Behavior\BuildLiteBehavior [ RunTime:0.000000s ]
INFO: [ app_init ] --END-- [ RunTime:0.000976s ]
ERR: 无法加载模块:Appindexajax

[ 2018-04-20T02:59:56+08:00 ] 127.0.0.1 /appindexajax.php?action=printrefresh&time=786
INFO: [ app_init ] --START--
INFO: Run Behavior\BuildLiteBehavior [ RunTime:0.000000s ]
INFO: [ app_init ] --END-- [ RunTime:0.000976s ]
ERR: 无法加载模块:Appindexajax

[ 2018-04-20T03:01:14+08:00 ] 127.0.0.1 /appindexajax.php?action=printrefresh&time=164
INFO: [ app_init ] --START--
INFO: Run Behavior\BuildLiteBehavior [ RunTime:0.000000s ]
INFO: [ app_init ] --END-- [ RunTime:0.000976s ]
ERR: 无法加载模块:Appindexajax

[ 2018-04-20T03:03:46+08:00 ] 127.0.0.1 /appindexajax.php?action=printrefresh&time=283
INFO: [ app_init ] --START--
INFO: Run Behavior\BuildLiteBehavior [ RunTime:0.000000s ]
INFO: [ app_init ] --END-- [ RunTime:0.000000s ]
ERR: 无法加载模块:Appindexajax

[ 2018-04-20T03:05:17+08:00 ] 127.0.0.1 /appindexajax.php?action=member
INFO: [ app_init ] --START--
INFO: Run Behavior\BuildLiteBehavior [ RunTime:0.000000s ]
INFO: [ app_init ] --END-- [ RunTime:0.000000s ]
ERR: 无法加载模块:Appindexajax

[ 2018-04-20T03:10:18+08:00 ] 127.0.0.1 /appindexajax.php?action=printrefresh&time=764
INFO: [ app_init ] --START--
INFO: Run Behavior\BuildLiteBehavior [ RunTime:0.000000s ]
INFO: [ app_init ] --END-- [ RunTime:0.000976s ]
ERR: 无法加载模块:Appindexajax

[ 2018-04-20T03:10:21+08:00 ] 127.0.0.1 /appindexajax.php?action=printrefresh&time=342
INFO: [ app_init ] --START--
INFO: Run Behavior\BuildLiteBehavior [ RunTime:0.000000s ]
INFO: [ app_init ] --END-- [ RunTime:0.000000s ]
ERR: 无法加载模块:Appindexajax

[ 2018-04-20T03:12:41+08:00 ] 127.0.0.1 /appindexajax.php?action=printrefresh&time=620
INFO: [ app_init ] --START--
INFO: Run Behavior\BuildLiteBehavior [ RunTime:0.000000s ]
INFO: [ app_init ] --END-- [ RunTime:0.000976s ]
ERR: 无法加载模块:Appindexajax

[ 2018-04-20T03:12:44+08:00 ] 127.0.0.1 /appindexajax.php?action=printrefresh&time=34
INFO: [ app_init ] --START--
INFO: Run Behavior\BuildLiteBehavior [ RunTime:0.000000s ]
INFO: [ app_init ] --END-- [ RunTime:0.000000s ]
ERR: 无法加载模块:Appindexajax

[ 2018-04-20T17:14:50+08:00 ] 127.0.0.1 /favicon.ico
INFO: [ app_init ] --START--
INFO: Run Behavior\BuildLiteBehavior [ RunTime:0.000000s ]
INFO: [ app_init ] --END-- [ RunTime:0.000000s ]
ERR: 无法加载模块:Favicon

[ 2018-04-20T18:24:42+08:00 ] 127.0.0.1 /favicon.ico
INFO: [ app_init ] --START--
INFO: Run Behavior\BuildLiteBehavior [ RunTime:0.000000s ]
INFO: [ app_init ] --END-- [ RunTime:0.000000s ]
ERR: 无法加载模块:Favicon

